

HI-TECH Software PIC LITE Macro Assembler V9.82 build 9453 
                                                                                               Mon Jun 17 10:15:09 2024

HI-TECH Software Omniscient Code Generator (Lite mode) build 9453
     1  0000                     opt subtitle "HI-TECH Software Omniscient Code Generator (Lite mode) build 9453"
     2                           
     3                           opt pagewidth 120
     4                           
     5                           	opt lm
     6                           
     7                           	processor	16F877A
     8                           clrc	macro
     9                           	bcf	3,0
    10  0000                     	endm
    11                           clrz	macro
    12                           	bcf	3,2
    13  0000                     	endm
    14                           setc	macro
    15                           	bsf	3,0
    16  0000                     	endm
    17                           setz	macro
    18                           	bsf	3,2
    19  0000                     	endm
    20                           skipc	macro
    21                           	btfss	3,0
    22  0000                     	endm
    23                           skipz	macro
    24                           	btfss	3,2
    25  0000                     	endm
    26                           skipnc	macro
    27                           	btfsc	3,0
    28  0000                     	endm
    29                           skipnz	macro
    30                           	btfsc	3,2
    31  0000                     	endm
    32  0000                     indf	equ	0
    33  0000                     indf0	equ	0
    34  0002                     pc	equ	2
    35  0002                     pcl	equ	2
    36  0003                     status	equ	3
    37  0004                     fsr	equ	4
    38  0004                     fsr0	equ	4
    39  0001                     c	equ	1
    40  0000                     z	equ	0
    41  000A                     pclath	equ	10
    42                           	FNROOT	_main
    43                           	global	_SSPBUF
    44                           psect	maintext,global,class=CODE,delta=2
    45                           global __pmaintext
    46  07C4                     __pmaintext:
    47  0013                     _SSPBUF	set	19
    48                           	global	_SSPCON
    49  0014                     _SSPCON	set	20
    50                           	global	_CARRY
    51  0018                     _CARRY	set	24
    52                           	global	_GIE
    53  005F                     _GIE	set	95
    54                           	global	_SSPEN
    55  00A5                     _SSPEN	set	165
    56                           	global	_SSPIF
    57  0063                     _SSPIF	set	99
    58                           	global	_SSPADD
    59  0093                     _SSPADD	set	147
    60                           	global	_SSPCON2
    61  0091                     _SSPCON2	set	145
    62                           	global	_SSPSTAT
    63  0094                     _SSPSTAT	set	148
    64                           	global	_TRISC
    65  0087                     _TRISC	set	135
    66                           	global	_PEN
    67  048A                     _PEN	set	1162
    68                           	global	_SEN
    69  0488                     _SEN	set	1160
    70                           	global	_EEADR
    71  010D                     _EEADR	set	269
    72                           	global	_EEDATA
    73  010C                     _EEDATA	set	268
    74                           	global	_EECON1
    75  018C                     _EECON1	set	396
    76                           	global	_EECON2
    77  018D                     _EECON2	set	397
    78                           	global	_RD
    79  0C60                     _RD	set	3168
    80                           	global	_WR
    81  0C61                     _WR	set	3169
    82                           	global	_WREN
    83  0C62                     _WREN	set	3170
    84                           	file	"202121365038.as"
    85                           	line	#
    86                           psect cinit,class=CODE,delta=2
    87                           global start_initialization
    88  07C0                     start_initialization:
    89                           
    90                           psect cinit,class=CODE,delta=2
    91                           global end_of_initialization
    92                           
    93                           ;End of C runtime variable initialization code
    94                           
    95  07C0                     end_of_initialization:
    96  07C0  0183               clrf status
    97  07C1  120A  118A  2FC4   ljmp _main	;jump to C main() function
    98                           psect	cstackCOMMON,class=COMMON,space=1
    99                           global __pcstackCOMMON
   100  0000                     __pcstackCOMMON:
   101                           	global	??_main
   102  0000                     ??_main:	; 0 bytes @ 0x0
   103                           	global	?_main
   104  0000                     ?_main:	; 2 bytes @ 0x0
   105 ;;Data sizes: Strings 0, constant 0, data 0, bss 0, persistent 0 stack 0
   106 ;;Auto spaces:   Size  Autos    Used
   107 ;; COMMON          14      0       0
   108 ;; BANK0           80      0       0
   109 ;; BANK1           80      0       0
   110 ;; BANK3           96      0       0
   111 ;; BANK2           96      0       0
   112                           
   113 ;;
   114 ;; Pointer list with targets:
   115                           
   116                           
   117                           
   118 ;;
   119 ;; Critical Paths under _main in COMMON
   120 ;;
   121 ;;   None.
   122 ;;
   123 ;; Critical Paths under _main in BANK0
   124 ;;
   125 ;;   None.
   126 ;;
   127 ;; Critical Paths under _main in BANK1
   128 ;;
   129 ;;   None.
   130 ;;
   131 ;; Critical Paths under _main in BANK3
   132 ;;
   133 ;;   None.
   134 ;;
   135 ;; Critical Paths under _main in BANK2
   136 ;;
   137 ;;   None.
   138                           
   139 ;;
   140 ;;Main: autosize = 0, tempsize = 0, incstack = 0, save=0
   141 ;;
   142                           
   143 ;;
   144 ;;Call Graph Tables:
   145 ;;
   146 ;; ---------------------------------------------------------------------------------
   147 ;; (Depth) Function   	        Calls       Base Space   Used Autos Params    Refs
   148 ;; ---------------------------------------------------------------------------------
   149 ;; (0) _main                                                 0     0      0       0
   150 ;; ---------------------------------------------------------------------------------
   151 ;; Estimated maximum stack depth 0
   152 ;; ---------------------------------------------------------------------------------
   153                           
   154 ;; Call Graph Graphs:
   155                           
   156 ;; _main (ROOT)
   157 ;;
   158                           
   159 ;; Address spaces:
   160                           
   161 ;;Name               Size   Autos  Total    Cost      Usage
   162 ;;BITCOMMON            E      0       0       0        0.0%
   163 ;;EEDATA             100      0       0       0        0.0%
   164 ;;NULL                 0      0       0       0        0.0%
   165 ;;CODE                 0      0       0       0        0.0%
   166 ;;COMMON               E      0       0       1        0.0%
   167 ;;BITSFR0              0      0       0       1        0.0%
   168 ;;SFR0                 0      0       0       1        0.0%
   169 ;;BITSFR1              0      0       0       2        0.0%
   170 ;;SFR1                 0      0       0       2        0.0%
   171 ;;STACK                0      0       0       2        0.0%
   172 ;;ABS                  0      0       0       3        0.0%
   173 ;;BITBANK0            50      0       0       4        0.0%
   174 ;;BITSFR3              0      0       0       4        0.0%
   175 ;;SFR3                 0      0       0       4        0.0%
   176 ;;BANK0               50      0       0       5        0.0%
   177 ;;BITSFR2              0      0       0       5        0.0%
   178 ;;SFR2                 0      0       0       5        0.0%
   179 ;;BITBANK1            50      0       0       6        0.0%
   180 ;;BANK1               50      0       0       7        0.0%
   181 ;;BITBANK3            60      0       0       8        0.0%
   182 ;;BANK3               60      0       0       9        0.0%
   183 ;;BITBANK2            60      0       0      10        0.0%
   184 ;;BANK2               60      0       0      11        0.0%
   185 ;;DATA                 0      0       0      12        0.0%
   186                           
   187                           	global	_main
   188                           psect	maintext
   189                           
   190 ;; *************** function _main *****************
   191 ;; Defined at:
   192 ;;		line 4 in file "D:\6_pic_project\00_Design_Flow_Car\User\Car_1_measure\main.c"
   193 ;; Parameters:    Size  Location     Type
   194 ;;		None
   195 ;; Auto vars:     Size  Location     Type
   196 ;;		None
   197 ;; Return value:  Size  Location     Type
   198 ;;                  2  684[COMMON] int 
   199 ;; Registers used:
   200 ;;		wreg, status,2
   201 ;; Tracked objects:
   202 ;;		On entry : 17F/0
   203 ;;		On exit  : 0/0
   204 ;;		Unchanged: 0/0
   205 ;; Data sizes:     COMMON   BANK0   BANK1   BANK3   BANK2
   206 ;;      Params:         0       0       0       0       0
   207 ;;      Locals:         0       0       0       0       0
   208 ;;      Temps:          0       0       0       0       0
   209 ;;      Totals:         0       0       0       0       0
   210 ;;Total ram usage:        0 bytes
   211 ;; This function calls:
   212 ;;		Nothing
   213 ;; This function is called by:
   214 ;;		Startup code after reset
   215 ;; This function uses a non-reentrant model
   216 ;;
   217                           psect	maintext
   218                           	file	"D:\6_pic_project\00_Design_Flow_Car\User\Car_1_measure\main.c"
   219                           	line	4
   220                           	global	__size_of_main
   221  003C                     	__size_of_main	equ	__end_of_main-_main
   222                           	
   223  07C4                     _main:	
   224                           	opt	stack 8
   225                           ; Regs used in _main: [wreg+status,2]
   226                           	line	5
   227                           	
   228  07C4                     l1745:	
   229                           ;main.c: 5: TRISC=0X18;
   230  07C4  3018               	movlw	(018h)
   231  07C5  1683               	bsf	status, 5	;RP0=1, select bank1
   232  07C6  1303               	bcf	status, 6	;RP1=0, select bank1
   233  07C7  0087               	movwf	(135)^080h	;volatile
   234                           	line	6
   235                           ;main.c: 6: SSPCON=8;
   236  07C8  3008               	movlw	(08h)
   237  07C9  1283               	bcf	status, 5	;RP0=0, select bank0
   238  07CA  1303               	bcf	status, 6	;RP1=0, select bank0
   239  07CB  0094               	movwf	(20)	;volatile
   240                           	line	7
   241                           ;main.c: 7: SSPSTAT=0X80;SSPCON2=0;
   242  07CC  3080               	movlw	(080h)
   243  07CD  1683               	bsf	status, 5	;RP0=1, select bank1
   244  07CE  1303               	bcf	status, 6	;RP1=0, select bank1
   245  07CF  0094               	movwf	(148)^080h	;volatile
   246                           	
   247  07D0                     l1747:	
   248  07D0  0191               	clrf	(145)^080h	;volatile
   249                           	line	8
   250                           	
   251  07D1                     l1749:	
   252                           ;main.c: 8: SSPADD=0X28;
   253  07D1  3028               	movlw	(028h)
   254  07D2  0093               	movwf	(147)^080h	;volatile
   255                           	line	9
   256                           	
   257  07D3                     l1751:	
   258                           ;main.c: 9: SSPIF=0;
   259  07D3  1283               	bcf	status, 5	;RP0=0, select bank0
   260  07D4  1303               	bcf	status, 6	;RP1=0, select bank0
   261  07D5  118C               	bcf	(99/8),(99)&7
   262                           	line	10
   263                           	
   264  07D6                     l1753:	
   265                           ;main.c: 10: SSPEN=1;
   266  07D6  1694               	bsf	(165/8),(165)&7
   267  07D7  2FD8               	goto	l1755
   268                           	line	11
   269                           ;main.c: 11: loop:
   270                           	
   271  07D8                     l685:	
   272                           	line	12
   273                           	
   274  07D8                     l1755:	
   275                           ;main.c: 12: SEN=1;
   276  07D8  1683               	bsf	status, 5	;RP0=1, select bank1
   277  07D9  1303               	bcf	status, 6	;RP1=0, select bank1
   278  07DA  1411               	bsf	(1160/8)^080h,(1160)&7
   279                           	line	13
   280                           ;main.c: 13: while(!SSPIF);SSPIF=0;
   281  07DB  2FDC               	goto	l686
   282                           	
   283  07DC                     l687:	
   284                           	
   285  07DC                     l686:	
   286  07DC  1283               	bcf	status, 5	;RP0=0, select bank0
   287  07DD  1D8C               	btfss	(99/8),(99)&7
   288  07DE  2FE0               	goto	u11
   289  07DF  2FE1               	goto	u10
   290  07E0                     u11:
   291  07E0  2FDC               	goto	l686
   292  07E1                     u10:
   293                           	
   294  07E1                     l688:	
   295  07E1  118C               	bcf	(99/8),(99)&7
   296                           	line	14
   297                           	
   298  07E2                     l1757:	
   299                           ;main.c: 14: SSPBUF=0X92;
   300  07E2  3092               	movlw	(092h)
   301  07E3  0093               	movwf	(19)	;volatile
   302                           	line	15
   303                           ;main.c: 15: while(!SSPIF);SSPIF=0;
   304  07E4  2FE5               	goto	l689
   305                           	
   306  07E5                     l690:	
   307                           	
   308  07E5                     l689:	
   309  07E5  1D8C               	btfss	(99/8),(99)&7
   310  07E6  2FE8               	goto	u21
   311  07E7  2FE9               	goto	u20
   312  07E8                     u21:
   313  07E8  2FE5               	goto	l689
   314  07E9                     u20:
   315                           	
   316  07E9                     l691:	
   317  07E9  118C               	bcf	(99/8),(99)&7
   318                           	line	16
   319                           	
   320  07EA                     l1759:	
   321                           ;main.c: 16: SSPBUF=0X45;
   322  07EA  3045               	movlw	(045h)
   323  07EB  0093               	movwf	(19)	;volatile
   324                           	line	17
   325                           ;main.c: 17: while(!SSPIF);SSPIF=0;
   326  07EC  2FED               	goto	l692
   327                           	
   328  07ED                     l693:	
   329                           	
   330  07ED                     l692:	
   331  07ED  1D8C               	btfss	(99/8),(99)&7
   332  07EE  2FF0               	goto	u31
   333  07EF  2FF1               	goto	u30
   334  07F0                     u31:
   335  07F0  2FED               	goto	l692
   336  07F1                     u30:
   337                           	
   338  07F1                     l694:	
   339  07F1  118C               	bcf	(99/8),(99)&7
   340                           	line	18
   341                           ;main.c: 18: PEN=1;
   342  07F2  1683               	bsf	status, 5	;RP0=1, select bank1
   343  07F3  1303               	bcf	status, 6	;RP1=0, select bank1
   344  07F4  1511               	bsf	(1162/8)^080h,(1162)&7
   345                           	line	19
   346                           ;main.c: 19: while(!SSPIF);SSPIF=0;
   347  07F5  2FF6               	goto	l695
   348                           	
   349  07F6                     l696:	
   350                           	
   351  07F6                     l695:	
   352  07F6  1283               	bcf	status, 5	;RP0=0, select bank0
   353  07F7  1D8C               	btfss	(99/8),(99)&7
   354  07F8  2FFA               	goto	u41
   355  07F9  2FFB               	goto	u40
   356  07FA                     u41:
   357  07FA  2FF6               	goto	l695
   358  07FB                     u40:
   359                           	
   360  07FB                     l697:	
   361  07FB  118C               	bcf	(99/8),(99)&7
   362                           	line	20
   363                           ;main.c: 20: goto loop;
   364  07FC  2FD8               	goto	l1755
   365                           	line	21
   366                           	
   367  07FD                     l698:	
   368                           	global	start
   369  07FD  120A  118A  2800   	ljmp	start
   370                           	opt stack 0
   371                           GLOBAL	__end_of_main
   372  0800                     	__end_of_main:
   373 ;; =============== function _main ends ============
   374                           
   375                           	signat	_main,90
   376                           psect	maintext
   377                           	global	btemp
   378  007E                     	btemp set 07Eh
   379                           
   380                           	DABS	1,126,2	;btemp
   381                           	global	wtemp0
   382  007E                     	wtemp0 set btemp


HI-TECH Software PICC Macro Assembler V9.82 build 9453 
Symbol Table                                                                                   Mon Jun 17 10:15:09 2024

                  _RD 0C60                    u10 07E1                    u11 07E0                    u20 07E9  
                  u21 07E8                    u30 07F1                    u31 07F0                    u40 07FB  
                  u41 07FA                    _WR 0C61                   l690 07E5                   l691 07E9  
                 l692 07ED                   l693 07ED                   l685 07D8                   l694 07F1  
                 l686 07DC                   l695 07F6                   l687 07DC                   l696 07F6  
                 l688 07E1                   l697 07FB                   l689 07E5                   l698 07FD  
                 _GIE 005F                   _PEN 048A                   _SEN 0488                  l1751 07D3  
                l1753 07D6                  l1745 07C4                  l1755 07D8                  l1747 07D0  
                l1757 07E2                  l1749 07D1                  l1759 07EA                  _WREN 0C62  
                _main 07C4                  btemp 007E                  start 0000                 ?_main 0000  
               _EEADR 010D                 _CARRY 0018                 _TRISC 0087                 _SSPIF 0063  
               _SSPEN 00A5                 status 0003                 wtemp0 007E          __end_of_main 0800  
              ??_main 0000                _EEDATA 010C                _EECON1 018C                _EECON2 018D  
              _SSPADD 0093                _SSPCON 0014                _SSPBUF 0013        __pcstackCOMMON 0000  
          __pmaintext 07C4               _SSPCON2 0091               _SSPSTAT 0094  end_of_initialization 07C0  
 start_initialization 07C0         __size_of_main 003C  
