

HI-TECH Software PIC LITE Macro Assembler V9.82 build 9453 
                                                                                               Mon Jun 17 10:38:55 2024

HI-TECH Software Omniscient Code Generator (Lite mode) build 9453
     1  0000                     opt subtitle "HI-TECH Software Omniscient Code Generator (Lite mode) build 9453"
     2                           
     3                           opt pagewidth 120
     4                           
     5                           	opt lm
     6                           
     7                           	processor	16F877A
     8                           clrc	macro
     9                           	bcf	3,0
    10  0000                     	endm
    11                           clrz	macro
    12                           	bcf	3,2
    13  0000                     	endm
    14                           setc	macro
    15                           	bsf	3,0
    16  0000                     	endm
    17                           setz	macro
    18                           	bsf	3,2
    19  0000                     	endm
    20                           skipc	macro
    21                           	btfss	3,0
    22  0000                     	endm
    23                           skipz	macro
    24                           	btfss	3,2
    25  0000                     	endm
    26                           skipnc	macro
    27                           	btfsc	3,0
    28  0000                     	endm
    29                           skipnz	macro
    30                           	btfsc	3,2
    31  0000                     	endm
    32  0000                     indf	equ	0
    33  0000                     indf0	equ	0
    34  0002                     pc	equ	2
    35  0002                     pcl	equ	2
    36  0003                     status	equ	3
    37  0004                     fsr	equ	4
    38  0004                     fsr0	equ	4
    39  0001                     c	equ	1
    40  0000                     z	equ	0
    41  000A                     pclath	equ	10
    42                           	FNROOT	_main
    43                           	FNCALL	intlevel1,_IIC
    44                           	global	intlevel1
    45                           	FNROOT	intlevel1
    46                           	global	_filt_velocity
    47                           	global	_last_filt_velocity
    48                           	global	_Key_Val
    49                           	global	_Speed_measure1
    50                           	global	_Speed_measure2
    51                           	global	_x
    52                           	global	_y
    53                           	global	_RBIF_FLAG
    54                           	global	_Velocity
    55                           	global	_CCP1CON
    56                           psect	maintext,global,class=CODE,delta=2
    57                           global __pmaintext
    58  0015                     __pmaintext:
    59  0017                     _CCP1CON	set	23
    60                           	global	_CCP2CON
    61  001D                     _CCP2CON	set	29
    62                           	global	_CCPR1L
    63  0015                     _CCPR1L	set	21
    64                           	global	_CCPR2L
    65  001B                     _CCPR2L	set	27
    66                           	global	_PORTB
    67  0006                     _PORTB	set	6
    68                           	global	_PORTD
    69  0008                     _PORTD	set	8
    70                           	global	_RCSTA
    71  0018                     _RCSTA	set	24
    72                           	global	_SSPBUF
    73  0013                     _SSPBUF	set	19
    74                           	global	_SSPCON
    75  0014                     _SSPCON	set	20
    76                           	global	_T1CON
    77  0010                     _T1CON	set	16
    78                           	global	_T2CON
    79  0012                     _T2CON	set	18
    80                           	global	_TMR0
    81  0001                     _TMR0	set	1
    82                           	global	_TMR1H
    83  000F                     _TMR1H	set	15
    84                           	global	_TMR1L
    85  000E                     _TMR1L	set	14
    86                           	global	_TMR2
    87  0011                     _TMR2	set	17
    88                           	global	_TXREG
    89  0019                     _TXREG	set	25
    90                           	global	_CARRY
    91  0018                     _CARRY	set	24
    92                           	global	_GIE
    93  005F                     _GIE	set	95
    94                           	global	_INTE
    95  005C                     _INTE	set	92
    96                           	global	_INTF
    97  0059                     _INTF	set	89
    98                           	global	_PEIE
    99  005E                     _PEIE	set	94
   100                           	global	_RA0
   101  0028                     _RA0	set	40
   102                           	global	_RA1
   103  0029                     _RA1	set	41
   104                           	global	_RA2
   105  002A                     _RA2	set	42
   106                           	global	_RA3
   107  002B                     _RA3	set	43
   108                           	global	_RA5
   109  002D                     _RA5	set	45
   110                           	global	_RBIE
   111  005B                     _RBIE	set	91
   112                           	global	_RBIF
   113  0058                     _RBIF	set	88
   114                           	global	_SSPEN
   115  00A5                     _SSPEN	set	165
   116                           	global	_SSPIF
   117  0063                     _SSPIF	set	99
   118                           	global	_T0IE
   119  005D                     _T0IE	set	93
   120                           	global	_T0IF
   121  005A                     _T0IF	set	90
   122                           	global	_TMR1IF
   123  0060                     _TMR1IF	set	96
   124                           	global	_TMR2IF
   125  0061                     _TMR2IF	set	97
   126                           	global	_TMR2ON
   127  0092                     _TMR2ON	set	146
   128                           	global	_ADCON1
   129  009F                     _ADCON1	set	159
   130                           	global	_OPTION_REG
   131  0081                     _OPTION_REG	set	129
   132                           	global	_PR2
   133  0092                     _PR2	set	146
   134                           	global	_SPBRG
   135  0099                     _SPBRG	set	153
   136                           	global	_SSPADD
   137  0093                     _SSPADD	set	147
   138                           	global	_SSPCON2
   139  0091                     _SSPCON2	set	145
   140                           	global	_SSPSTAT
   141  0094                     _SSPSTAT	set	148
   142                           	global	_TRISB
   143  0086                     _TRISB	set	134
   144                           	global	_TRISC
   145  0087                     _TRISC	set	135
   146                           	global	_TRISD
   147  0088                     _TRISD	set	136
   148                           	global	_TXSTA
   149  0098                     _TXSTA	set	152
   150                           	global	_RCIE
   151  0465                     _RCIE	set	1125
   152                           	global	_SSPIE
   153  0463                     _SSPIE	set	1123
   154                           	global	_TMR1IE
   155  0460                     _TMR1IE	set	1120
   156                           	global	_TMR2IE
   157  0461                     _TMR2IE	set	1121
   158                           	global	_TRISA2
   159  042A                     _TRISA2	set	1066
   160                           	global	_TRISA3
   161  042B                     _TRISA3	set	1067
   162                           	global	_TRISA5
   163  042D                     _TRISA5	set	1069
   164                           	global	_TRISB0
   165  0430                     _TRISB0	set	1072
   166                           	global	_TRISB4
   167  0434                     _TRISB4	set	1076
   168                           	global	_TRISB5
   169  0435                     _TRISB5	set	1077
   170                           	global	_TRISB6
   171  0436                     _TRISB6	set	1078
   172                           	global	_TRISB7
   173  0437                     _TRISB7	set	1079
   174                           	global	_TRISC1
   175  0439                     _TRISC1	set	1081
   176                           	global	_TRISC2
   177  043A                     _TRISC2	set	1082
   178                           	global	_TRISC6
   179  043E                     _TRISC6	set	1086
   180                           	global	_TRISC7
   181  043F                     _TRISC7	set	1087
   182                           	global	_TRMT
   183  04C1                     _TRMT	set	1217
   184                           	global	_nRBPU
   185  040F                     _nRBPU	set	1039
   186                           	global	_EEADR
   187  010D                     _EEADR	set	269
   188                           	global	_EEDATA
   189  010C                     _EEDATA	set	268
   190                           	global	_EECON1
   191  018C                     _EECON1	set	396
   192                           	global	_EECON2
   193  018D                     _EECON2	set	397
   194                           	global	_RD
   195  0C60                     _RD	set	3168
   196                           	global	_WR
   197  0C61                     _WR	set	3169
   198                           	global	_WREN
   199  0C62                     _WREN	set	3170
   200                           psect	strings,class=STRING,delta=2
   201                           global __pstrings
   202  005A                     __pstrings:
   203                           ;	global	stringdir,stringtab,__stringbase
   204  005A                     stringtab:
   205                           ;	String table - string pointers are 1 byte each
   206  005A                     stringcode:stringdir:
      + 005A                     stringdir:	
   207  005A  3000               movlw high(stringdir)
   208  005B  008A               movwf pclath
   209  005C  0804               movf fsr,w
   210  005D  0A84               incf fsr
   211  005E  0782               	addwf pc
   212  005F                     __stringbase:
   213  005F  3400               	retlw	0
   214                           psect	strings
   215                           	
   216  0060                     STR_1:	
   217  0060  3425               	retlw	37	;'%'
   218  0061  3463               	retlw	99	;'c'
   219  0062  3400               	retlw	0
   220                           psect	strings
   221                           	file	"202121365038.as"
   222                           	line	#
   223                           psect cinit,class=CODE,delta=2
   224                           global start_initialization
   225  0035                     start_initialization:
   226                           
   227                           psect	bitbssCOMMON,class=COMMON,bit,space=1
   228                           global __pbitbssCOMMON
   229  03D8                     __pbitbssCOMMON:
   230  03D8                     _RBIF_FLAG:
   231  03D8                            ds      1
   232                           
   233                           psect	bssCOMMON,class=COMMON,space=1
   234                           global __pbssCOMMON
   235  0076                     __pbssCOMMON:
   236  0076                     _Key_Val:
   237  0076                            ds      1
   238                           
   239  0077                     _Speed_measure1:
   240  0077                            ds      1
   241                           
   242  0078                     _Speed_measure2:
   243  0078                            ds      1
   244                           
   245  0079                     _x:
   246  0079                            ds      1
   247                           
   248  007A                     _y:
   249  007A                            ds      1
   250                           
   251                           psect	bssBANK0,class=BANK0,space=1
   252                           global __pbssBANK0
   253  0020                     __pbssBANK0:
   254  0020                     _filt_velocity:
   255  0020                            ds      3
   256                           
   257  0023                     _last_filt_velocity:
   258  0023                            ds      3
   259                           
   260  0026                     _Velocity:
   261  0026                            ds      24
   262                           
   263                           psect clrtext,class=CODE,delta=2
   264                           global clear_ram
   265                           ;	Called with FSR containing the base address, and
   266                           ;	W with the last address+1
   267  0063                     clear_ram:
   268  0063  0064               	clrwdt			;clear the watchdog before getting into this loop
   269  0064                     clrloop:
   270  0064  0180               	clrf	indf		;clear RAM location pointed to by FSR
   271  0065  0A84               	incf	fsr,f		;increment pointer
   272  0066  0604               	xorwf	fsr,w		;XOR with final address
   273  0067  1903               	btfsc	status,2	;have we reached the end yet?
   274  0068  3400               	retlw	0		;all done for this memory range, return
   275  0069  0604               	xorwf	fsr,w		;XOR again to restore value
   276  006A  2864               	goto	clrloop		;do the next byte
   277                           
   278                           ; Clear objects allocated to BITCOMMON
   279                           psect cinit,class=CODE,delta=2
   280  0035  01FB               	clrf	((__pbitbssCOMMON/8)+0)&07Fh
   281                           ; Clear objects allocated to COMMON
   282                           psect cinit,class=CODE,delta=2
   283  0036  01F6               	clrf	((__pbssCOMMON)+0)&07Fh
   284  0037  01F7               	clrf	((__pbssCOMMON)+1)&07Fh
   285  0038  01F8               	clrf	((__pbssCOMMON)+2)&07Fh
   286  0039  01F9               	clrf	((__pbssCOMMON)+3)&07Fh
   287  003A  01FA               	clrf	((__pbssCOMMON)+4)&07Fh
   288                           ; Clear objects allocated to BANK0
   289                           psect cinit,class=CODE,delta=2
   290  003B  1383               	bcf	status, 7	;select IRP bank0
   291  003C  3020               	movlw	low(__pbssBANK0)
   292  003D  0084               	movwf	fsr
   293  003E  303E               	movlw	low((__pbssBANK0)+01Eh)
   294  003F  120A  118A  2063   	fcall	clear_ram
              120A  118A         
   295                           psect cinit,class=CODE,delta=2
   296                           global end_of_initialization
   297                           
   298                           ;End of C runtime variable initialization code
   299                           
   300  0044                     end_of_initialization:
   301  0044  0183               clrf status
   302  0045  120A  118A  2815   ljmp _main	;jump to C main() function
   303                           psect	cstackCOMMON,class=COMMON,space=1
   304                           global __pcstackCOMMON
   305  0070                     __pcstackCOMMON:
   306                           	global	?_IIC
   307  0070                     ?_IIC:	; 0 bytes @ 0x0
   308                           	global	??_IIC
   309  0070                     ??_IIC:	; 0 bytes @ 0x0
   310                           	global	?_main
   311  0070                     ?_main:	; 2 bytes @ 0x0
   312  0070                     	ds	5
   313                           	global	IIC@temp
   314  0075                     IIC@temp:	; 1 bytes @ 0x5
   315  0075                     	ds	1
   316                           psect	cstackBANK0,class=BANK0,space=1
   317                           global __pcstackBANK0
   318  0000                     __pcstackBANK0:
   319                           	global	??_main
   320  0000                     ??_main:	; 0 bytes @ 0x0
   321 ;;Data sizes: Strings 3, constant 0, data 0, bss 35, persistent 0 stack 0
   322 ;;Auto spaces:   Size  Autos    Used
   323 ;; COMMON          14      6      12
   324 ;; BANK0           80      0      30
   325 ;; BANK1           80      0       0
   326 ;; BANK3           96      0       0
   327 ;; BANK2           96      0       0
   328                           
   329 ;;
   330 ;; Pointer list with targets:
   331                           
   332 ;; S11272$_cp	PTR const unsigned char  size(1) Largest target is 0
   333 ;;
   334 ;; _val._str._cp	PTR const unsigned char  size(1) Largest target is 0
   335 ;;
   336                           
   337                           
   338 ;;
   339 ;; Critical Paths under _main in COMMON
   340 ;;
   341 ;;   None.
   342 ;;
   343 ;; Critical Paths under _IIC in COMMON
   344 ;;
   345 ;;   None.
   346 ;;
   347 ;; Critical Paths under _main in BANK0
   348 ;;
   349 ;;   None.
   350 ;;
   351 ;; Critical Paths under _IIC in BANK0
   352 ;;
   353 ;;   None.
   354 ;;
   355 ;; Critical Paths under _main in BANK1
   356 ;;
   357 ;;   None.
   358 ;;
   359 ;; Critical Paths under _IIC in BANK1
   360 ;;
   361 ;;   None.
   362 ;;
   363 ;; Critical Paths under _main in BANK3
   364 ;;
   365 ;;   None.
   366 ;;
   367 ;; Critical Paths under _IIC in BANK3
   368 ;;
   369 ;;   None.
   370 ;;
   371 ;; Critical Paths under _main in BANK2
   372 ;;
   373 ;;   None.
   374 ;;
   375 ;; Critical Paths under _IIC in BANK2
   376 ;;
   377 ;;   None.
   378                           
   379 ;;
   380 ;;Main: autosize = 0, tempsize = 0, incstack = 0, save=0
   381 ;;
   382                           
   383 ;;
   384 ;;Call Graph Tables:
   385 ;;
   386 ;; ---------------------------------------------------------------------------------
   387 ;; (Depth) Function   	        Calls       Base Space   Used Autos Params    Refs
   388 ;; ---------------------------------------------------------------------------------
   389 ;; (0) _main                                                 0     0      0       0
   390 ;; ---------------------------------------------------------------------------------
   391 ;; Estimated maximum stack depth 0
   392 ;; ---------------------------------------------------------------------------------
   393 ;; (Depth) Function   	        Calls       Base Space   Used Autos Params    Refs
   394 ;; ---------------------------------------------------------------------------------
   395 ;; (1) _IIC                                                  6     6      0      15
   396 ;;                                              0 COMMON     6     6      0
   397 ;; ---------------------------------------------------------------------------------
   398 ;; Estimated maximum stack depth 1
   399 ;; ---------------------------------------------------------------------------------
   400                           
   401 ;; Call Graph Graphs:
   402                           
   403 ;; _main (ROOT)
   404 ;;
   405 ;; _IIC (ROOT)
   406 ;;
   407                           
   408 ;; Address spaces:
   409                           
   410 ;;Name               Size   Autos  Total    Cost      Usage
   411 ;;BITCOMMON            E      0       1       0        7.1%
   412 ;;EEDATA             100      0       0       0        0.0%
   413 ;;NULL                 0      0       0       0        0.0%
   414 ;;CODE                 0      0       0       0        0.0%
   415 ;;COMMON               E      6       C       1       85.7%
   416 ;;BITSFR0              0      0       0       1        0.0%
   417 ;;SFR0                 0      0       0       1        0.0%
   418 ;;BITSFR1              0      0       0       2        0.0%
   419 ;;SFR1                 0      0       0       2        0.0%
   420 ;;STACK                0      0       0       2        0.0%
   421 ;;ABS                  0      0      2A       3        0.0%
   422 ;;BITBANK0            50      0       0       4        0.0%
   423 ;;BITSFR3              0      0       0       4        0.0%
   424 ;;SFR3                 0      0       0       4        0.0%
   425 ;;BANK0               50      0      1E       5       37.5%
   426 ;;BITSFR2              0      0       0       5        0.0%
   427 ;;SFR2                 0      0       0       5        0.0%
   428 ;;BITBANK1            50      0       0       6        0.0%
   429 ;;BANK1               50      0       0       7        0.0%
   430 ;;BITBANK3            60      0       0       8        0.0%
   431 ;;BANK3               60      0       0       9        0.0%
   432 ;;BITBANK2            60      0       0      10        0.0%
   433 ;;BANK2               60      0       0      11        0.0%
   434 ;;DATA                 0      0      2A      12        0.0%
   435                           
   436                           	global	_main
   437                           psect	maintext
   438                           
   439 ;; *************** function _main *****************
   440 ;; Defined at:
   441 ;;		line 10 in file "D:\6_pic_project\00_Design_Flow_Car\User\Car_1_Control\main.c"
   442 ;; Parameters:    Size  Location     Type
   443 ;;		None
   444 ;; Auto vars:     Size  Location     Type
   445 ;;		None
   446 ;; Return value:  Size  Location     Type
   447 ;;                  2  9124[COMMON] int 
   448 ;; Registers used:
   449 ;;		wreg, status,2
   450 ;; Tracked objects:
   451 ;;		On entry : 17F/0
   452 ;;		On exit  : 0/0
   453 ;;		Unchanged: 0/0
   454 ;; Data sizes:     COMMON   BANK0   BANK1   BANK3   BANK2
   455 ;;      Params:         0       0       0       0       0
   456 ;;      Locals:         0       0       0       0       0
   457 ;;      Temps:          0       0       0       0       0
   458 ;;      Totals:         0       0       0       0       0
   459 ;;Total ram usage:        0 bytes
   460 ;; Hardware stack levels required when called:    1
   461 ;; This function calls:
   462 ;;		Nothing
   463 ;; This function is called by:
   464 ;;		Startup code after reset
   465 ;; This function uses a non-reentrant model
   466 ;;
   467                           psect	maintext
   468                           	file	"D:\6_pic_project\00_Design_Flow_Car\User\Car_1_Control\main.c"
   469                           	line	10
   470                           	global	__size_of_main
   471  0020                     	__size_of_main	equ	__end_of_main-_main
   472                           	
   473  0015                     _main:	
   474                           	opt	stack 7
   475                           ; Regs used in _main: [wreg+status,2]
   476                           	
   477  0015                     l12200:	
   478  0015  1683               	bsf	status, 5	;RP0=1, select bank1
   479  0016  1303               	bcf	status, 6	;RP1=0, select bank1
   480  0017  0188               	clrf	(136)^080h	;volatile
   481  0018  1283               	bcf	status, 5	;RP0=0, select bank0
   482  0019  1303               	bcf	status, 6	;RP1=0, select bank0
   483  001A  0188               	clrf	(8)	;volatile
   484                           	line	11
   485                           	
   486  001B                     l12202:	
   487                           ;main.c: 11: TRISC=0X18;
   488  001B  3018               	movlw	(018h)
   489  001C  1683               	bsf	status, 5	;RP0=1, select bank1
   490  001D  1303               	bcf	status, 6	;RP1=0, select bank1
   491  001E  0087               	movwf	(135)^080h	;volatile
   492                           	line	12
   493                           	
   494  001F                     l12204:	
   495                           ;main.c: 12: SSPCON=0B00110110;
   496  001F  3036               	movlw	(036h)
   497  0020  1283               	bcf	status, 5	;RP0=0, select bank0
   498  0021  1303               	bcf	status, 6	;RP1=0, select bank0
   499  0022  0094               	movwf	(20)	;volatile
   500                           	line	13
   501                           ;main.c: 13: SSPSTAT=0;SSPCON2=0x80;
   502  0023  1683               	bsf	status, 5	;RP0=1, select bank1
   503  0024  1303               	bcf	status, 6	;RP1=0, select bank1
   504  0025  0194               	clrf	(148)^080h	;volatile
   505                           	
   506  0026                     l12206:	
   507  0026  3080               	movlw	(080h)
   508  0027  0091               	movwf	(145)^080h	;volatile
   509                           	line	14
   510                           	
   511  0028                     l12208:	
   512                           ;main.c: 14: SSPADD=0X92;
   513  0028  3092               	movlw	(092h)
   514  0029  0093               	movwf	(147)^080h	;volatile
   515                           	line	15
   516                           	
   517  002A                     l12210:	
   518                           ;main.c: 15: GIE=1;PEIE=1;SSPIE=1;SSPIF=0;
   519  002A  178B               	bsf	(95/8),(95)&7
   520                           	
   521  002B                     l12212:	
   522  002B  170B               	bsf	(94/8),(94)&7
   523                           	
   524  002C                     l12214:	
   525  002C  158C               	bsf	(1123/8)^080h,(1123)&7
   526                           	
   527  002D                     l12216:	
   528  002D  1283               	bcf	status, 5	;RP0=0, select bank0
   529  002E  1303               	bcf	status, 6	;RP1=0, select bank0
   530  002F  118C               	bcf	(99/8),(99)&7
   531                           	line	16
   532                           	
   533  0030                     l12218:	
   534                           ;main.c: 16: SSPEN=1;
   535  0030  1694               	bsf	(165/8),(165)&7
   536                           	line	17
   537                           ;main.c: 17: loop:
   538                           	
   539  0031                     l9125:	
   540                           	line	19
   541                           ;main.c: 19: goto loop;
   542  0031  2831               	goto	l9125
   543                           	line	20
   544                           	
   545  0032                     l9126:	
   546                           	global	start
   547  0032  120A  118A  2812   	ljmp	start
   548                           	opt stack 0
   549                           GLOBAL	__end_of_main
   550  0035                     	__end_of_main:
   551 ;; =============== function _main ends ============
   552                           
   553                           	signat	_main,90
   554                           	global	_IIC
   555                           psect	text193,local,class=CODE,delta=2
   556                           global __ptext193
   557  0048                     __ptext193:
   558                           
   559 ;; *************** function _IIC *****************
   560 ;; Defined at:
   561 ;;		line 4 in file "D:\6_pic_project\00_Design_Flow_Car\User\Car_1_Control\main.c"
   562 ;; Parameters:    Size  Location     Type
   563 ;;		None
   564 ;; Auto vars:     Size  Location     Type
   565 ;;  temp            1    5[COMMON] unsigned char 
   566 ;; Return value:  Size  Location     Type
   567 ;;		None               void
   568 ;; Registers used:
   569 ;;		wreg
   570 ;; Tracked objects:
   571 ;;		On entry : 0/0
   572 ;;		On exit  : 0/0
   573 ;;		Unchanged: 0/0
   574 ;; Data sizes:     COMMON   BANK0   BANK1   BANK3   BANK2
   575 ;;      Params:         0       0       0       0       0
   576 ;;      Locals:         1       0       0       0       0
   577 ;;      Temps:          5       0       0       0       0
   578 ;;      Totals:         6       0       0       0       0
   579 ;;Total ram usage:        6 bytes
   580 ;; Hardware stack levels used:    1
   581 ;; This function calls:
   582 ;;		Nothing
   583 ;; This function is called by:
   584 ;;		Interrupt level 1
   585 ;; This function uses a non-reentrant model
   586 ;;
   587                           psect	text193
   588                           	file	"D:\6_pic_project\00_Design_Flow_Car\User\Car_1_Control\main.c"
   589                           	line	4
   590                           	global	__size_of_IIC
   591  0012                     	__size_of_IIC	equ	__end_of_IIC-_IIC
   592                           	
   593  0048                     _IIC:	
   594                           	opt	stack 7
   595                           ; Regs used in _IIC: [wreg]
   596                           psect	intentry,class=CODE,delta=2
   597                           global __pintentry
   598  0004                     __pintentry:
   599                           global interrupt_function
   600  0004                     interrupt_function:
   601                           	global saved_w
   602  007E                     	saved_w	set	btemp+0
   603  0004  00FE               	movwf	saved_w
   604  0005  0E03               	swapf	status,w
   605  0006  00F1               	movwf	(??_IIC+1)
   606  0007  0804               	movf	fsr0,w
   607  0008  00F2               	movwf	(??_IIC+2)
   608  0009  080A               	movf	pclath,w
   609  000A  00F3               	movwf	(??_IIC+3)
   610  000B  1283               	bcf	status, 5	;RP0=0, select bank0
   611  000C  1303               	bcf	status, 6	;RP1=0, select bank0
   612  000D  087F               	movf	btemp+1,w
   613  000E  00F4               	movwf	(??_IIC+4)
   614  000F  120A  118A  2848   	ljmp	_IIC
   615                           psect	text193
   616                           	line	5
   617                           	
   618  0048                     i1l10928:	
   619                           ;main.c: 5: temp=SSPBUF;
   620  0048  0813               	movf	(19),w	;volatile
   621  0049  00F0               	movwf	(??_IIC+0)+0
   622  004A  0870               	movf	(??_IIC+0)+0,w
   623  004B  00F5               	movwf	(IIC@temp)
   624                           	line	6
   625                           ;main.c: 6: PORTD=temp;
   626  004C  0875               	movf	(IIC@temp),w
   627  004D  0088               	movwf	(8)	;volatile
   628                           	line	7
   629                           	
   630  004E                     i1l10930:	
   631                           ;main.c: 7: SSPIF=0;
   632  004E  118C               	bcf	(99/8),(99)&7
   633                           	line	8
   634                           	
   635  004F                     i1l9122:	
   636  004F  0874               	movf	(??_IIC+4),w
   637  0050  00FF               	movwf	btemp+1
   638  0051  0873               	movf	(??_IIC+3),w
   639  0052  008A               	movwf	pclath
   640  0053  0872               	movf	(??_IIC+2),w
   641  0054  0084               	movwf	fsr0
   642  0055  0E71               	swapf	(??_IIC+1)^0FFFFFF80h,w
   643  0056  0083               	movwf	status
   644  0057  0EFE               	swapf	saved_w,f
   645  0058  0E7E               	swapf	saved_w,w
   646  0059  0009               	retfie
   647                           	opt stack 0
   648                           GLOBAL	__end_of_IIC
   649  005A                     	__end_of_IIC:
   650 ;; =============== function _IIC ends ============
   651                           
   652                           	signat	_IIC,88
   653                           psect	text194,local,class=CODE,delta=2
   654                           global __ptext194
   655  0000                     __ptext194:
   656                           	global	btemp
   657  007E                     	btemp set 07Eh
   658                           
   659                           	DABS	1,126,2	;btemp
   660                           	global	wtemp0
   661  007E                     	wtemp0 set btemp


HI-TECH Software PICC Macro Assembler V9.82 build 9453 
Symbol Table                                                                                   Mon Jun 17 10:38:55 2024

                   _x 0079                     _y 007A                     pc 0002         _filt_velocity 0020  
                  _RD 0C60                    _WR 0C61                    fsr 0004                   _GIE 005F  
                 _IIC 0048                   _RA0 0028                   _RA1 0029                   _RA2 002A  
                 _RA3 002B                   _RA5 002D                   _PR2 0092                   fsr0 0004  
                 indf 0000                  ?_IIC 0070                  l9125 0031                  l9126 0032  
                STR_1 0060                  _T0IE 005D                  _T0IF 005A                  _PEIE 005E  
                _INTE 005C                  _INTF 0059                  _RBIE 005B                  _RBIF 0058  
                _RCIE 0465                  _TMR0 0001                  _TMR2 0011                  _TRMT 04C1  
                _WREN 0C62                  _main 0015                  btemp 007E                  start 0012  
               ??_IIC 0070                 l12200 0015                 l12210 002A                 l12202 001B  
               l12212 002B                 l12204 001F                 l12214 002C                 l12206 0026  
               l12216 002D                 l12208 0028                 l12218 0030                 ?_main 0070  
               _EEADR 010D                 _CARRY 0018                 _T1CON 0010                 _T2CON 0012  
               _RCSTA 0018                 _TMR1H 000F                 _TMR1L 000E                 _SPBRG 0099  
               _PORTB 0006                 _PORTD 0008                 _TRISB 0086                 _TRISC 0087  
               _TRISD 0088                 _SSPIE 0463                 _SSPIF 0063                 _SSPEN 00A5  
               _TXREG 0019                 _TXSTA 0098                 _nRBPU 040F        __pbitbssCOMMON 03D8  
               pclath 000A                 status 0003                 wtemp0 007E          __end_of_main 0035  
              ??_main 0000                _ADCON1 009F                _EEDATA 010C                _CCPR1L 0015  
              _CCPR2L 001B                _EECON1 018C                _EECON2 018D                i1l9122 004F  
              _TMR1IE 0460                _TMR1IF 0060                _TMR2IE 0461                _TMR2IF 0061  
              _TMR2ON 0092                _SSPADD 0093                _TRISB0 0430                _TRISA2 042A  
              _TRISA3 042B                _TRISC1 0439                _TRISA5 042D                _TRISC2 043A  
              _TRISB4 0434                _TRISB5 0435                _TRISB6 0436                _TRISB7 0437  
              _TRISC6 043E                _TRISC7 043F                _SSPCON 0014                _SSPBUF 0013  
              clrloop 0064                saved_w 007E        __pcstackCOMMON 0070            __pbssBANK0 0020  
             IIC@temp 0075            __pmaintext 0015            __pintentry 0004               _CCP1CON 0017  
             _CCP2CON 001D               i1l10930 004E               i1l10928 0048               _SSPCON2 0091  
             _SSPSTAT 0094        _Speed_measure1 0077        _Speed_measure2 0078               _Key_Val 0076  
        __size_of_IIC 0012  end_of_initialization 0044             _RBIF_FLAG 03D8    _last_filt_velocity 0023  
 start_initialization 0035           __end_of_IIC 005A           __pbssCOMMON 0076         __pcstackBANK0 0000  
           __ptext193 0048             __ptext194 0000             __pstrings 005A     interrupt_function 0004  
         __stringbase 005F              _Velocity 0026         __size_of_main 0020              clear_ram 0063  
            intlevel1 0000             stringcode 005A            _OPTION_REG 0081              stringdir 005A  
            stringtab 005A  
